<?xml version="1.0" encoding="UTF-8"?>
<!-- Generated by org.testng.reporters.JUnitXMLReporter -->
<testsuite hostname="DESKTOP-47B5LCS" ignored="0" name="Gudppl Automation Organization" tests="7" failures="1" timestamp="27 Feb 2018 05:55:28 GMT" time="87.283" errors="0">
  <testcase name="test_Home_Page_Appear_Correct" time="0.015" classname="com.gudppl.Testcases.OrganizationCreateTestcase"/>
  <testcase name="test_Login_Page" time="20.95" classname="com.gudppl.Testcases.OrganizationCreateTestcase"/>
  <testcase name="test_Organization_Create_Page" time="15.513" classname="com.gudppl.Testcases.OrganizationCreateTestcase"/>
  <testcase name="test_Organization_Create_Org_Page" time="22.726" classname="com.gudppl.Testcases.OrganizationCreateTestcase"/>
  <testcase name="test_Organization_Casuses_Page" time="9.62" classname="com.gudppl.Testcases.OrganizationCreateTestcase"/>
  <testcase name="test_Organization_ContactInfo_Page" time="0.056" classname="com.gudppl.Testcases.OrganizationCreateTestcase">
    <failure type="org.openqa.selenium.NoSuchElementException" message="Cannot locate element with text: United States
For documentation on this error, please visit: http://seleniumhq.org/exceptions/no_such_element.html
Build info: version: &amp;apos;3.7.1&amp;apos;, revision: &amp;apos;8a0099a&amp;apos;, time: &amp;apos;2017-11-06T21:01:39.354Z&amp;apos;
System info: host: &amp;apos;DESKTOP-47B5LCS&amp;apos;, ip: &amp;apos;192.168.56.1&amp;apos;, os.name: &amp;apos;Windows 10&amp;apos;, os.arch: &amp;apos;amd64&amp;apos;, os.version: &amp;apos;10.0&amp;apos;, java.version: &amp;apos;1.8.0_144&amp;apos;
Driver info: driver.version: unknown">
      <![CDATA[org.openqa.selenium.NoSuchElementException: Cannot locate element with text: United StatesFor documentation on this error, please visit: http://seleniumhq.org/exceptions/no_such_element.htmlBuild info: version: '3.7.1', revision: '8a0099a', time: '2017-11-06T21:01:39.354Z'System info: host: 'DESKTOP-47B5LCS', ip: '192.168.56.1', os.name: 'Windows 10', os.arch: 'amd64', os.version: '10.0', java.version: '1.8.0_144'Driver info: driver.version: unknownat org.openqa.selenium.support.ui.Select.selectByVisibleText(Select.java:151)at com.gudppl.organization.Pages.ContactInfoPage.fillContactInfo(ContactInfoPage.java:31)at com.gudppl.Testcases.OrganizationCreateTestcase.test_Organization_ContactInfo_Page(OrganizationCreateTestcase.java:84)... Removed 25 stack frames]]>
    </failure>
  </testcase> <!-- test_Organization_ContactInfo_Page -->
  <testcase name="test_Organization_ImageUpload_Page" time="0.0" classname="com.gudppl.Testcases.OrganizationCreateTestcase">
    <skipped/>
  </testcase> <!-- test_Organization_ImageUpload_Page -->
</testsuite> <!-- Gudppl Automation Organization -->
