<?xml version="1.0" encoding="UTF-8"?>
<!-- Generated by org.testng.reporters.JUnitReportReporter -->
<testsuite skipped="1" hostname="DESKTOP-47B5LCS" name="com.gudppl.Testcases.OrganizationCreateTestcase" tests="7" failures="0" timestamp="27 Feb 2018 05:56:16 GMT" time="68.880" errors="1">
  <testcase name="test_Home_Page_Appear_Correct" time="0.015" classname="com.gudppl.Testcases.OrganizationCreateTestcase"/>
  <testcase name="test_Login_Page" time="20.950" classname="com.gudppl.Testcases.OrganizationCreateTestcase"/>
  <testcase name="test_Organization_Create_Page" time="15.513" classname="com.gudppl.Testcases.OrganizationCreateTestcase"/>
  <testcase name="test_Organization_Create_Org_Page" time="22.726" classname="com.gudppl.Testcases.OrganizationCreateTestcase"/>
  <testcase name="test_Organization_Casuses_Page" time="9.620" classname="com.gudppl.Testcases.OrganizationCreateTestcase"/>
  <testcase name="test_Organization_ContactInfo_Page" time="0.056" classname="com.gudppl.Testcases.OrganizationCreateTestcase">
    <error type="org.openqa.selenium.NoSuchElementException" message="Cannot locate element with text: United States
For documentation on this error, please visit: http://seleniumhq.org/exceptions/no_such_element.html
Build info: version: &#039;3.7.1&#039;, revision: &#039;8a0099a&#039;, time: &#039;2017-11-06T21:01:39.354Z&#039;
System info: host: &#039;DESKTOP-47B5LCS&#039;, ip: &#039;192.168.56.1&#039;, os.name: &#039;Windows 10&#039;, os.arch: &#039;amd64&#039;, os.version: &#039;10.0&#039;, java.version: &#039;1.8.0_144&#039;
Driver info: driver.version: unknown">
      <![CDATA[org.openqa.selenium.NoSuchElementException: Cannot locate element with text: United StatesFor documentation on this error, please visit: http://seleniumhq.org/exceptions/no_such_element.htmlBuild info: version: '3.7.1', revision: '8a0099a', time: '2017-11-06T21:01:39.354Z'System info: host: 'DESKTOP-47B5LCS', ip: '192.168.56.1', os.name: 'Windows 10', os.arch: 'amd64', os.version: '10.0', java.version: '1.8.0_144'Driver info: driver.version: unknownat org.openqa.selenium.support.ui.Select.selectByVisibleText(Select.java:151)at com.gudppl.organization.Pages.ContactInfoPage.fillContactInfo(ContactInfoPage.java:31)at com.gudppl.Testcases.OrganizationCreateTestcase.test_Organization_ContactInfo_Page(OrganizationCreateTestcase.java:84)at sun.reflect.NativeMethodAccessorImpl.invoke0(Native Method)at sun.reflect.NativeMethodAccessorImpl.invoke(NativeMethodAccessorImpl.java:62)at sun.reflect.DelegatingMethodAccessorImpl.invoke(DelegatingMethodAccessorImpl.java:43)at java.lang.reflect.Method.invoke(Method.java:498)at org.testng.internal.MethodInvocationHelper.invokeMethod(MethodInvocationHelper.java:124)at org.testng.internal.Invoker.invokeMethod(Invoker.java:571)at org.testng.internal.Invoker.invokeTestMethod(Invoker.java:707)at org.testng.internal.Invoker.invokeTestMethods(Invoker.java:979)at org.testng.internal.TestMethodWorker.invokeTestMethods(TestMethodWorker.java:125)at org.testng.internal.TestMethodWorker.run(TestMethodWorker.java:109)at org.testng.TestRunner.privateRun(TestRunner.java:648)at org.testng.TestRunner.run(TestRunner.java:505)at org.testng.SuiteRunner.runTest(SuiteRunner.java:455)at org.testng.SuiteRunner.runSequentially(SuiteRunner.java:450)at org.testng.SuiteRunner.privateRun(SuiteRunner.java:415)at org.testng.SuiteRunner.run(SuiteRunner.java:364)at org.testng.SuiteRunnerWorker.runSuite(SuiteRunnerWorker.java:52)at org.testng.SuiteRunnerWorker.run(SuiteRunnerWorker.java:84)at org.testng.TestNG.runSuitesSequentially(TestNG.java:1187)at org.testng.TestNG.runSuitesLocally(TestNG.java:1116)at org.testng.TestNG.runSuites(TestNG.java:1028)at org.testng.TestNG.run(TestNG.java:996)at org.testng.remote.AbstractRemoteTestNG.run(AbstractRemoteTestNG.java:114)at org.testng.remote.RemoteTestNG.initAndRun(RemoteTestNG.java:251)at org.testng.remote.RemoteTestNG.main(RemoteTestNG.java:77)]]>
    </error>
  </testcase> <!-- test_Organization_ContactInfo_Page -->
  <testcase name="test_Organization_ImageUpload_Page" time="0.000" classname="com.gudppl.Testcases.OrganizationCreateTestcase">
    <skipped/>
  </testcase> <!-- test_Organization_ImageUpload_Page -->
</testsuite> <!-- com.gudppl.Testcases.OrganizationCreateTestcase -->
